<?xml version="1.0" encoding="UTF-8"?>
<!-- Generated by org.testng.reporters.JUnitXMLReporter -->
<testsuite hostname="vvasilchenko-PC" name="Command line test" tests="6" failures="0" timestamp="30 Jun 2016 20:42:03 GMT" time="1.136" errors="0">
  <testcase name="testAcquireThrowsException" time="0.001" classname="com.vasylchenko.java.sources.SemaphoreImplTest"/>
  <testcase name="testGetAvailablePermitsForMultiThread" time="0.002" classname="com.vasylchenko.java.sources.SemaphoreImplTest"/>
  <testcase name="testGetAvailablePermitsForSingleThread" time="0.001" classname="com.vasylchenko.java.sources.SemaphoreImplTest"/>
  <testcase name="testReleaseThrowsException" time="0.001" classname="com.vasylchenko.java.sources.SemaphoreImplTest"/>
  <testcase name="testGetSquareSum" time="1.104" classname="com.vasylchenko.java.sources.SquareSumTest"/>
  <testcase name="testReleaseThrowsException" time="0.0" classname="com.vasylchenko.java.sources.SquareSumTest"/>
</testsuite> <!-- Command line test -->
