<?xml version="1.0" encoding="UTF-8"?>
<!-- Generated by org.testng.reporters.JUnitXMLReporter -->
<testsuite hostname="vvasilchenko-PC" name="Command line test" tests="7" failures="0" timestamp="30 Jun 2016 20:32:31 GMT" time="0.052" errors="0">
  <testcase name="testCompareCollectionAdd" time="0.008" classname="com.vasylchenko.beans.CollectionsCompareBeansTest"/>
  <testcase name="testCompareCollectionContains" time="0.0" classname="com.vasylchenko.beans.CollectionsCompareBeansTest"/>
  <testcase name="testCompareCollectionPopulate" time="0.0" classname="com.vasylchenko.beans.CollectionsCompareBeansTest"/>
  <testcase name="testCompareCollectionRemove" time="0.0" classname="com.vasylchenko.beans.CollectionsCompareBeansTest"/>
  <testcase name="testCompareListGet" time="0.0" classname="com.vasylchenko.beans.CollectionsCompareBeansTest"/>
  <testcase name="testCompareListIteratorAdd" time="0.0" classname="com.vasylchenko.beans.CollectionsCompareBeansTest"/>
  <testcase name="testCompareListIteratorRemove" time="0.001" classname="com.vasylchenko.beans.CollectionsCompareBeansTest"/>
</testsuite> <!-- Command line test -->
