<?xml version="1.0" encoding="UTF-8"?>
<testng-results skipped="0" failed="0" total="2" passed="2">
  <reporter-output>
  </reporter-output>
  <suite name="com.vasylchenko.implementations.NewSimpleCalcDoubleTest" duration-ms="27" started-at="2016-07-12T08:35:14Z" finished-at="2016-07-12T08:35:14Z">
    <groups>
    </groups>
    <test name="Command line test" duration-ms="27" started-at="2016-07-12T08:35:14Z" finished-at="2016-07-12T08:35:14Z">
      <class name="com.vasylchenko.implementations.NewSimpleCalcDoubleTest">
        <test-method status="PASS" signature="testEvaluateDouble()[pri:0, instance:com.vasylchenko.implementations.NewSimpleCalcDoubleTest@11531931]" name="testEvaluateDouble" duration-ms="11" started-at="2016-07-12T11:35:14Z" finished-at="2016-07-12T11:35:14Z">
          <reporter-output>
          </reporter-output>
        </test-method> <!-- testEvaluateDouble -->
        <test-method status="PASS" signature="testEvaluateDoubleException()[pri:0, instance:com.vasylchenko.implementations.NewSimpleCalcDoubleTest@11531931]" name="testEvaluateDoubleException" duration-ms="0" started-at="2016-07-12T11:35:14Z" finished-at="2016-07-12T11:35:14Z">
          <exception class="java.lang.IllegalArgumentException">
            <message>
              <![CDATA[[Error:] Unregistered operation]]>
            </message>
            <full-stacktrace>
              <![CDATA[java.lang.IllegalArgumentException: [Error:] Unregistered operation
	at com.vasylchenko.beans.NewSimpleCalcDouble.evaluate(NewSimpleCalcDouble.java:22)
	at com.vasylchenko.beans.NewSimpleCalcDouble.evaluate(NewSimpleCalcDouble.java:6)
	at com.vasilchenko.Calculate.start(Calculate.java:54)
	at com.vasylchenko.implementations.NewSimpleCalcDoubleTest.testEvaluateDoubleException(NewSimpleCalcDoubleTest.java:22)
	at sun.reflect.NativeMethodAccessorImpl.invoke0(Native Method)
	at sun.reflect.NativeMethodAccessorImpl.invoke(NativeMethodAccessorImpl.java:62)
	at sun.reflect.DelegatingMethodAccessorImpl.invoke(DelegatingMethodAccessorImpl.java:43)
	at java.lang.reflect.Method.invoke(Method.java:498)
	at org.testng.internal.MethodInvocationHelper.invokeMethod(MethodInvocationHelper.java:86)
	at org.testng.internal.Invoker.invokeMethod(Invoker.java:643)
	at org.testng.internal.Invoker.invokeTestMethod(Invoker.java:820)
	at org.testng.internal.Invoker.invokeTestMethods(Invoker.java:1128)
	at org.testng.internal.TestMethodWorker.invokeTestMethods(TestMethodWorker.java:129)
	at org.testng.internal.TestMethodWorker.run(TestMethodWorker.java:112)
	at org.testng.TestRunner.privateRun(TestRunner.java:782)
	at org.testng.TestRunner.run(TestRunner.java:632)
	at org.testng.SuiteRunner.runTest(SuiteRunner.java:366)
	at org.testng.SuiteRunner.runSequentially(SuiteRunner.java:361)
	at org.testng.SuiteRunner.privateRun(SuiteRunner.java:319)
	at org.testng.SuiteRunner.run(SuiteRunner.java:268)
	at org.testng.SuiteRunnerWorker.runSuite(SuiteRunnerWorker.java:52)
	at org.testng.SuiteRunnerWorker.run(SuiteRunnerWorker.java:86)
	at org.testng.TestNG.runSuitesSequentially(TestNG.java:1244)
	at org.testng.TestNG.runSuitesLocally(TestNG.java:1169)
	at org.testng.TestNG.run(TestNG.java:1064)
	at org.apache.maven.surefire.testng.TestNGExecutor.run(TestNGExecutor.java:70)
	at org.apache.maven.surefire.testng.TestNGDirectoryTestSuite.execute(TestNGDirectoryTestSuite.java:109)
	at org.apache.maven.surefire.testng.TestNGProvider.invoke(TestNGProvider.java:111)
	at sun.reflect.NativeMethodAccessorImpl.invoke0(Native Method)
	at sun.reflect.NativeMethodAccessorImpl.invoke(NativeMethodAccessorImpl.java:62)
	at sun.reflect.DelegatingMethodAccessorImpl.invoke(DelegatingMethodAccessorImpl.java:43)
	at java.lang.reflect.Method.invoke(Method.java:498)
	at org.apache.maven.surefire.util.ReflectionUtils.invokeMethodWithArray(ReflectionUtils.java:164)
	at org.apache.maven.surefire.booter.ProviderFactory$ProviderProxy.invoke(ProviderFactory.java:110)
	at org.apache.maven.surefire.booter.SurefireStarter.invokeProvider(SurefireStarter.java:175)
	at org.apache.maven.surefire.booter.SurefireStarter.runSuitesInProcessWhenForked(SurefireStarter.java:107)
	at org.apache.maven.surefire.booter.ForkedBooter.main(ForkedBooter.java:68)
]]>
            </full-stacktrace>
          </exception> <!-- java.lang.IllegalArgumentException -->
          <reporter-output>
          </reporter-output>
        </test-method> <!-- testEvaluateDoubleException -->
      </class> <!-- com.vasylchenko.implementations.NewSimpleCalcDoubleTest -->
    </test> <!-- Command line test -->
  </suite> <!-- com.vasylchenko.implementations.NewSimpleCalcDoubleTest -->
</testng-results>
