<?xml version="1.0" encoding="UTF-8"?>
<!-- Generated by org.testng.reporters.JUnitXMLReporter -->
<testsuite hostname="vvasilchenko-PC" name="Command line test" tests="2" failures="0" timestamp="12 Jul 2016 08:35:14 GMT" time="0.027" errors="0">
  <testcase name="testEvaluateDouble" time="0.011" classname="com.vasylchenko.implementations.NewSimpleCalcDoubleTest"/>
  <testcase name="testEvaluateDoubleException" time="0.0" classname="com.vasylchenko.implementations.NewSimpleCalcDoubleTest"/>
</testsuite> <!-- Command line test -->
